<?xml version="1.0" encoding="UTF-8"?>
<testsuite name="com.iot.hyundai.springboot.web.PostsApiControllerTest" tests="2" skipped="0" failures="0" errors="0" timestamp="2022-02-09T03:27:53" hostname="HELDP202851403" time="0.078">
  <properties/>
  <testcase name="Posts_등록된다()" classname="com.iot.hyundai.springboot.web.PostsApiControllerTest" time="0.056"/>
  <testcase name="Posts_수정된다()" classname="com.iot.hyundai.springboot.web.PostsApiControllerTest" time="0.021"/>
  <system-out><![CDATA[2022-02-09 12:27:53 [Test worker] [INFO ] o.s.b.t.c.SpringBootTestContextBootstrapper - Neither @ContextConfiguration nor @ContextHierarchy found for test class [com.iot.hyundai.springboot.web.PostsApiControllerTest], using SpringBootContextLoader
2022-02-09 12:27:53 [Test worker] [INFO ] o.s.t.c.s.AbstractContextLoader - Could not detect default resource locations for test class [com.iot.hyundai.springboot.web.PostsApiControllerTest]: no resource found for suffixes {-context.xml, Context.groovy}.
2022-02-09 12:27:53 [Test worker] [INFO ] o.s.t.c.s.AnnotationConfigContextLoaderUtils - Could not detect default configuration classes for test class [com.iot.hyundai.springboot.web.PostsApiControllerTest]: PostsApiControllerTest does not declare any static, non-private, non-final, nested classes annotated with @Configuration.
2022-02-09 12:27:53 [Test worker] [INFO ] o.s.b.t.c.SpringBootTestContextBootstrapper - Found @SpringBootConfiguration com.iot.hyundai.springboot.Application for test class com.iot.hyundai.springboot.web.PostsApiControllerTest
2022-02-09 12:27:53 [Test worker] [INFO ] o.s.b.t.c.SpringBootTestContextBootstrapper - Loaded default TestExecutionListener class names from location [META-INF/spring.factories]: [org.springframework.security.test.context.support.WithSecurityContextTestExecutionListener, org.springframework.security.test.context.support.ReactorContextTestExecutionListener, org.springframework.boot.test.autoconfigure.restdocs.RestDocsTestExecutionListener, org.springframework.boot.test.autoconfigure.web.client.MockRestServiceServerResetTestExecutionListener, org.springframework.boot.test.autoconfigure.web.servlet.MockMvcPrintOnlyOnFailureTestExecutionListener, org.springframework.boot.test.autoconfigure.web.servlet.WebDriverTestExecutionListener, org.springframework.boot.test.autoconfigure.webservices.client.MockWebServiceServerTestExecutionListener, org.springframework.boot.test.mock.mockito.MockitoTestExecutionListener, org.springframework.boot.test.mock.mockito.ResetMocksTestExecutionListener, org.springframework.test.context.web.ServletTestExecutionListener, org.springframework.test.context.support.DirtiesContextBeforeModesTestExecutionListener, org.springframework.test.context.support.DependencyInjectionTestExecutionListener, org.springframework.test.context.support.DirtiesContextTestExecutionListener, org.springframework.test.context.transaction.TransactionalTestExecutionListener, org.springframework.test.context.jdbc.SqlScriptsTestExecutionListener, org.springframework.test.context.event.EventPublishingTestExecutionListener]
2022-02-09 12:27:53 [Test worker] [INFO ] o.s.b.t.c.SpringBootTestContextBootstrapper - Using TestExecutionListeners: [org.springframework.test.context.web.ServletTestExecutionListener@168e0d0b, org.springframework.test.context.support.DirtiesContextBeforeModesTestExecutionListener@2674e69c, org.springframework.boot.test.mock.mockito.MockitoTestExecutionListener@9b8d98b, org.springframework.boot.test.autoconfigure.SpringBootDependencyInjectionTestExecutionListener@ab7ac54, org.springframework.test.context.support.DirtiesContextTestExecutionListener@6c371e5c, org.springframework.test.context.transaction.TransactionalTestExecutionListener@6df65540, org.springframework.test.context.jdbc.SqlScriptsTestExecutionListener@22cdbdf4, org.springframework.security.test.context.support.WithSecurityContextTestExecutionListener@15af70f5, org.springframework.test.context.event.EventPublishingTestExecutionListener@41be49e2, org.springframework.security.test.context.support.ReactorContextTestExecutionListener@1ebd58c0, org.springframework.boot.test.autoconfigure.restdocs.RestDocsTestExecutionListener@515074fe, org.springframework.boot.test.autoconfigure.web.client.MockRestServiceServerResetTestExecutionListener@3f168ef9, org.springframework.boot.test.autoconfigure.web.servlet.MockMvcPrintOnlyOnFailureTestExecutionListener@cd421a0, org.springframework.boot.test.autoconfigure.web.servlet.WebDriverTestExecutionListener@78db03a2, org.springframework.boot.test.autoconfigure.webservices.client.MockWebServiceServerTestExecutionListener@2afe7fc3, org.springframework.boot.test.mock.mockito.ResetMocksTestExecutionListener@21144d23]
2022-02-09 12:27:53 [Test worker] [INFO ] o.a.c.c.C.[Tomcat].[localhost].[/] - Initializing Spring TestDispatcherServlet ''
2022-02-09 12:27:53 [Test worker] [INFO ] o.s.t.w.s.TestDispatcherServlet - Initializing Servlet ''
2022-02-09 12:27:53 [Test worker] [INFO ] o.s.t.w.s.TestDispatcherServlet - Completed initialization in 0 ms
Hibernate: insert into posts (created_date, modified_date, author, content, title) values (?, ?, ?, ?, ?)
Hibernate: select posts0_.id as id1_0_, posts0_.created_date as created_2_0_, posts0_.modified_date as modified3_0_, posts0_.author as author4_0_, posts0_.content as content5_0_, posts0_.title as title6_0_ from posts posts0_
Hibernate: select posts0_.id as id1_0_, posts0_.created_date as created_2_0_, posts0_.modified_date as modified3_0_, posts0_.author as author4_0_, posts0_.content as content5_0_, posts0_.title as title6_0_ from posts posts0_
Hibernate: delete from posts where id=?
2022-02-09 12:27:53 [Test worker] [INFO ] o.a.c.c.C.[Tomcat].[localhost].[/] - Initializing Spring TestDispatcherServlet ''
2022-02-09 12:27:53 [Test worker] [INFO ] o.s.t.w.s.TestDispatcherServlet - Initializing Servlet ''
2022-02-09 12:27:53 [Test worker] [INFO ] o.s.t.w.s.TestDispatcherServlet - Completed initialization in 0 ms
Hibernate: insert into posts (created_date, modified_date, author, content, title) values (?, ?, ?, ?, ?)
Hibernate: select posts0_.id as id1_0_0_, posts0_.created_date as created_2_0_0_, posts0_.modified_date as modified3_0_0_, posts0_.author as author4_0_0_, posts0_.content as content5_0_0_, posts0_.title as title6_0_0_ from posts posts0_ where posts0_.id=?
Hibernate: update posts set created_date=?, modified_date=?, author=?, content=?, title=? where id=?
Hibernate: select posts0_.id as id1_0_, posts0_.created_date as created_2_0_, posts0_.modified_date as modified3_0_, posts0_.author as author4_0_, posts0_.content as content5_0_, posts0_.title as title6_0_ from posts posts0_
Hibernate: select posts0_.id as id1_0_, posts0_.created_date as created_2_0_, posts0_.modified_date as modified3_0_, posts0_.author as author4_0_, posts0_.content as content5_0_, posts0_.title as title6_0_ from posts posts0_
Hibernate: delete from posts where id=?
]]></system-out>
  <system-err><![CDATA[]]></system-err>
</testsuite>
