<?xml version="1.0" encoding="UTF-8"?>
<testsuite name="com.iot.hyundai.springboot.web.PostsApiControllerTest" tests="2" skipped="0" failures="0" errors="0" timestamp="2022-01-24T05:14:46" hostname="HELDP202851403" time="0.073">
  <properties/>
  <testcase name="Posts_등록된다()" classname="com.iot.hyundai.springboot.web.PostsApiControllerTest" time="0.05"/>
  <testcase name="Posts_수정된다()" classname="com.iot.hyundai.springboot.web.PostsApiControllerTest" time="0.022"/>
  <system-out><![CDATA[2022-01-24 14:14:46.651  INFO 8024 --- [    Test worker] .b.t.c.SpringBootTestContextBootstrapper : Neither @ContextConfiguration nor @ContextHierarchy found for test class [com.iot.hyundai.springboot.web.PostsApiControllerTest], using SpringBootContextLoader
2022-01-24 14:14:46.651  INFO 8024 --- [    Test worker] o.s.t.c.support.AbstractContextLoader    : Could not detect default resource locations for test class [com.iot.hyundai.springboot.web.PostsApiControllerTest]: no resource found for suffixes {-context.xml, Context.groovy}.
2022-01-24 14:14:46.652  INFO 8024 --- [    Test worker] t.c.s.AnnotationConfigContextLoaderUtils : Could not detect default configuration classes for test class [com.iot.hyundai.springboot.web.PostsApiControllerTest]: PostsApiControllerTest does not declare any static, non-private, non-final, nested classes annotated with @Configuration.
2022-01-24 14:14:46.653  INFO 8024 --- [    Test worker] .b.t.c.SpringBootTestContextBootstrapper : Found @SpringBootConfiguration com.iot.hyundai.springboot.Application for test class com.iot.hyundai.springboot.web.PostsApiControllerTest
2022-01-24 14:14:46.654  INFO 8024 --- [    Test worker] .b.t.c.SpringBootTestContextBootstrapper : Loaded default TestExecutionListener class names from location [META-INF/spring.factories]: [org.springframework.security.test.context.support.WithSecurityContextTestExecutionListener, org.springframework.security.test.context.support.ReactorContextTestExecutionListener, org.springframework.boot.test.autoconfigure.restdocs.RestDocsTestExecutionListener, org.springframework.boot.test.autoconfigure.web.client.MockRestServiceServerResetTestExecutionListener, org.springframework.boot.test.autoconfigure.web.servlet.MockMvcPrintOnlyOnFailureTestExecutionListener, org.springframework.boot.test.autoconfigure.web.servlet.WebDriverTestExecutionListener, org.springframework.boot.test.autoconfigure.webservices.client.MockWebServiceServerTestExecutionListener, org.springframework.boot.test.mock.mockito.MockitoTestExecutionListener, org.springframework.boot.test.mock.mockito.ResetMocksTestExecutionListener, org.springframework.test.context.web.ServletTestExecutionListener, org.springframework.test.context.support.DirtiesContextBeforeModesTestExecutionListener, org.springframework.test.context.support.DependencyInjectionTestExecutionListener, org.springframework.test.context.support.DirtiesContextTestExecutionListener, org.springframework.test.context.transaction.TransactionalTestExecutionListener, org.springframework.test.context.jdbc.SqlScriptsTestExecutionListener, org.springframework.test.context.event.EventPublishingTestExecutionListener]
2022-01-24 14:14:46.654  INFO 8024 --- [    Test worker] .b.t.c.SpringBootTestContextBootstrapper : Using TestExecutionListeners: [org.springframework.test.context.web.ServletTestExecutionListener@647974dc, org.springframework.test.context.support.DirtiesContextBeforeModesTestExecutionListener@5b73d51a, org.springframework.boot.test.mock.mockito.MockitoTestExecutionListener@65f27e97, org.springframework.boot.test.autoconfigure.SpringBootDependencyInjectionTestExecutionListener@50c9515a, org.springframework.test.context.support.DirtiesContextTestExecutionListener@7f39000b, org.springframework.test.context.transaction.TransactionalTestExecutionListener@3aa7c1f3, org.springframework.test.context.jdbc.SqlScriptsTestExecutionListener@4c5716f6, org.springframework.security.test.context.support.WithSecurityContextTestExecutionListener@568edda7, org.springframework.test.context.event.EventPublishingTestExecutionListener@6180a625, org.springframework.security.test.context.support.ReactorContextTestExecutionListener@65ac4bbf, org.springframework.boot.test.autoconfigure.restdocs.RestDocsTestExecutionListener@11b8015a, org.springframework.boot.test.autoconfigure.web.client.MockRestServiceServerResetTestExecutionListener@317b952f, org.springframework.boot.test.autoconfigure.web.servlet.MockMvcPrintOnlyOnFailureTestExecutionListener@552eacab, org.springframework.boot.test.autoconfigure.web.servlet.WebDriverTestExecutionListener@52d8f402, org.springframework.boot.test.autoconfigure.webservices.client.MockWebServiceServerTestExecutionListener@33b8dd2, org.springframework.boot.test.mock.mockito.ResetMocksTestExecutionListener@6e04a277]
2022-01-24 14:14:46.662  INFO 8024 --- [    Test worker] o.a.c.c.C.[Tomcat].[localhost].[/]       : Initializing Spring TestDispatcherServlet ''
2022-01-24 14:14:46.662  INFO 8024 --- [    Test worker] o.s.t.web.servlet.TestDispatcherServlet  : Initializing Servlet ''
2022-01-24 14:14:46.662  INFO 8024 --- [    Test worker] o.s.t.web.servlet.TestDispatcherServlet  : Completed initialization in 0 ms
Hibernate: insert into posts (created_date, modified_date, author, content, title) values (?, ?, ?, ?, ?)
Hibernate: select posts0_.id as id1_0_, posts0_.created_date as created_2_0_, posts0_.modified_date as modified3_0_, posts0_.author as author4_0_, posts0_.content as content5_0_, posts0_.title as title6_0_ from posts posts0_
Hibernate: select posts0_.id as id1_0_, posts0_.created_date as created_2_0_, posts0_.modified_date as modified3_0_, posts0_.author as author4_0_, posts0_.content as content5_0_, posts0_.title as title6_0_ from posts posts0_
Hibernate: delete from posts where id=?
2022-01-24 14:14:46.710  INFO 8024 --- [    Test worker] o.a.c.c.C.[Tomcat].[localhost].[/]       : Initializing Spring TestDispatcherServlet ''
2022-01-24 14:14:46.710  INFO 8024 --- [    Test worker] o.s.t.web.servlet.TestDispatcherServlet  : Initializing Servlet ''
2022-01-24 14:14:46.711  INFO 8024 --- [    Test worker] o.s.t.web.servlet.TestDispatcherServlet  : Completed initialization in 1 ms
Hibernate: insert into posts (created_date, modified_date, author, content, title) values (?, ?, ?, ?, ?)
Hibernate: select posts0_.id as id1_0_0_, posts0_.created_date as created_2_0_0_, posts0_.modified_date as modified3_0_0_, posts0_.author as author4_0_0_, posts0_.content as content5_0_0_, posts0_.title as title6_0_0_ from posts posts0_ where posts0_.id=?
Hibernate: update posts set created_date=?, modified_date=?, author=?, content=?, title=? where id=?
Hibernate: select posts0_.id as id1_0_, posts0_.created_date as created_2_0_, posts0_.modified_date as modified3_0_, posts0_.author as author4_0_, posts0_.content as content5_0_, posts0_.title as title6_0_ from posts posts0_
Hibernate: select posts0_.id as id1_0_, posts0_.created_date as created_2_0_, posts0_.modified_date as modified3_0_, posts0_.author as author4_0_, posts0_.content as content5_0_, posts0_.title as title6_0_ from posts posts0_
Hibernate: delete from posts where id=?
]]></system-out>
  <system-err><![CDATA[]]></system-err>
</testsuite>
